<?xml version="1.0" encoding="UTF-8"?>
<!-- Generated by org.testng.reporters.JUnitReportReporter -->
<testsuite skipped="0" hostname="chan-PC" name="ctsonlinepackageee.Display" tests="8" failures="0" timestamp="2020-03-24T15:35:21 IST" time="0.208" errors="0">
  <testcase name="customer2" time="0.004" classname="ctsonlinepackageee.Display"/>
  <system-out/>
  <testcase name="admin1" time="0.106" classname="ctsonlinepackageee.Display"/>
  <system-out/>
  <testcase name="vendor2" time="0.010" classname="ctsonlinepackageee.Display"/>
  <system-out/>
  <testcase name="vendor1" time="0.003" classname="ctsonlinepackageee.Display"/>
  <system-out/>
  <testcase name="customer1" time="0.004" classname="ctsonlinepackageee.Display"/>
  <system-out/>
  <testcase name="customer3" time="0.016" classname="ctsonlinepackageee.Display"/>
  <system-out/>
  <testcase name="admin2" time="0.006" classname="ctsonlinepackageee.Display"/>
  <system-out/>
  <testcase name="vendor3" time="0.059" classname="ctsonlinepackageee.Display"/>
  <system-out/>
</testsuite> <!-- ctsonlinepackageee.Display -->
