<?xml version="1.0" encoding="UTF-8"?>
<!-- Generated by org.testng.reporters.JUnitReportReporter -->
<testsuite skipped="0" hostname="chan-PC" name="ctsonlinepackageee.Parallel2" tests="3" failures="0" timestamp="2020-03-24T16:36:54 IST" time="0.080" errors="0">
  <testcase name="testcase5" time="0.040" classname="ctsonlinepackageee.Parallel2"/>
  <system-out/>
  <testcase name="testcase6" time="0.009" classname="ctsonlinepackageee.Parallel2"/>
  <system-out/>
  <testcase name="testcase4" time="0.031" classname="ctsonlinepackageee.Parallel2"/>
  <system-out/>
</testsuite> <!-- ctsonlinepackageee.Parallel2 -->
