<?xml version="1.0" encoding="UTF-8"?>
<!-- Generated by org.testng.reporters.JUnitReportReporter -->
<testsuite skipped="0" hostname="chan-PC" name="cts.miniproject.test.VerifyWordpressLogin" tests="1" failures="0" timestamp="2020-03-26T10:53:40 IST" time="279.396" errors="0">
  <testcase name="verifyValidLogin" time="279.396" classname="cts.miniproject.test.VerifyWordpressLogin"/>
  <system-out/>
</testsuite> <!-- cts.miniproject.test.VerifyWordpressLogin -->
