<?xml version="1.0" encoding="UTF-8"?>
<!-- Generated by org.testng.reporters.JUnitReportReporter -->
<testsuite skipped="0" hostname="chan-PC" name="ctsonlinepackageee.Extendreportdemo" tests="1" failures="0" timestamp="2020-03-28T11:22:27 IST" time="1.266" errors="0">
  <testcase name="loginTest" time="1.266" classname="ctsonlinepackageee.Extendreportdemo"/>
  <system-out/>
</testsuite> <!-- ctsonlinepackageee.Extendreportdemo -->
