<?xml version="1.0" encoding="UTF-8"?>
<!-- Generated by org.testng.reporters.JUnitReportReporter -->
<testsuite skipped="0" hostname="chan-PC" name="praticse.Extenddemoreport" tests="1" failures="0" timestamp="2020-03-28T11:38:06 IST" time="1.413" errors="0">
  <testcase name="loginTest" time="1.413" classname="praticse.Extenddemoreport"/>
  <system-out/>
</testsuite> <!-- praticse.Extenddemoreport -->
