<?xml version="1.0" encoding="UTF-8"?>
<!-- Generated by org.testng.reporters.JUnitReportReporter -->
<testsuite skipped="0" hostname="chan-PC" name="cts.miniproject.test.ValidAndInvalidLogin" tests="2" failures="0" timestamp="2020-03-25T18:15:10 IST" time="92.627" errors="0">
  <testcase name="validlogin" time="50.693" classname="cts.miniproject.test.ValidAndInvalidLogin"/>
  <system-out/>
  <testcase name="Invalidlogin" time="41.934" classname="cts.miniproject.test.ValidAndInvalidLogin"/>
  <system-out/>
</testsuite> <!-- cts.miniproject.test.ValidAndInvalidLogin -->
