<?xml version="1.0" encoding="UTF-8"?>
<!-- Generated by org.testng.reporters.JUnitReportReporter -->
<testsuite skipped="0" hostname="chan-PC" name="ctsonlinepackageee.Parallel1" tests="3" failures="0" timestamp="2020-03-24T16:36:54 IST" time="0.189" errors="0">
  <testcase name="testcase2" time="0.073" classname="ctsonlinepackageee.Parallel1"/>
  <system-out/>
  <testcase name="testcase3" time="0.079" classname="ctsonlinepackageee.Parallel1"/>
  <system-out/>
  <testcase name="testcase1" time="0.037" classname="ctsonlinepackageee.Parallel1"/>
  <system-out/>
</testsuite> <!-- ctsonlinepackageee.Parallel1 -->
