<?xml version="1.0" encoding="UTF-8"?>
<!-- Generated by org.testng.reporters.JUnitReportReporter -->
<testsuite skipped="0" hostname="chan-PC" name="ctsonlinepackageee.LoginScript" tests="1" failures="0" timestamp="2020-03-25T18:10:33 IST" time="151.102" errors="0">
  <testcase name="loginToApplication" time="151.102" classname="ctsonlinepackageee.LoginScript"/>
  <system-out/>
</testsuite> <!-- ctsonlinepackageee.LoginScript -->
